<?xml version="1.0" encoding="UTF-8"?>
<testsuite name="com.ceiba.Parqueadero.ParqueaderoApplicationTests" tests="1" skipped="0" failures="0" errors="0" timestamp="2018-06-22T15:28:44" hostname="JOSE-SANCHEZ" time="0.002">
  <properties/>
  <testcase name="contextLoads" classname="com.ceiba.Parqueadero.ParqueaderoApplicationTests" time="0.002"/>
  <system-out><![CDATA[2018-06-22 10:28:44.230  INFO 13196 --- [    Test worker] .b.t.c.SpringBootTestContextBootstrapper : Neither @ContextConfiguration nor @ContextHierarchy found for test class [com.ceiba.Parqueadero.ParqueaderoApplicationTests], using SpringBootContextLoader
2018-06-22 10:28:44.232  INFO 13196 --- [    Test worker] o.s.t.c.support.AbstractContextLoader    : Could not detect default resource locations for test class [com.ceiba.Parqueadero.ParqueaderoApplicationTests]: no resource found for suffixes {-context.xml, Context.groovy}.
2018-06-22 10:28:44.232  INFO 13196 --- [    Test worker] t.c.s.AnnotationConfigContextLoaderUtils : Could not detect default configuration classes for test class [com.ceiba.Parqueadero.ParqueaderoApplicationTests]: ParqueaderoApplicationTests does not declare any static, non-private, non-final, nested classes annotated with @Configuration.
2018-06-22 10:28:44.238  INFO 13196 --- [    Test worker] .b.t.c.SpringBootTestContextBootstrapper : Found @SpringBootConfiguration com.ceiba.Parqueadero.ParqueaderoApplication for test class com.ceiba.Parqueadero.ParqueaderoApplicationTests
2018-06-22 10:28:44.240  INFO 13196 --- [    Test worker] .b.t.c.SpringBootTestContextBootstrapper : Loaded default TestExecutionListener class names from location [META-INF/spring.factories]: [org.springframework.boot.test.autoconfigure.restdocs.RestDocsTestExecutionListener, org.springframework.boot.test.autoconfigure.web.client.MockRestServiceServerResetTestExecutionListener, org.springframework.boot.test.autoconfigure.web.servlet.MockMvcPrintOnlyOnFailureTestExecutionListener, org.springframework.boot.test.autoconfigure.web.servlet.WebDriverTestExecutionListener, org.springframework.boot.test.mock.mockito.MockitoTestExecutionListener, org.springframework.boot.test.mock.mockito.ResetMocksTestExecutionListener, org.springframework.test.context.web.ServletTestExecutionListener, org.springframework.test.context.support.DirtiesContextBeforeModesTestExecutionListener, org.springframework.test.context.support.DependencyInjectionTestExecutionListener, org.springframework.test.context.support.DirtiesContextTestExecutionListener, org.springframework.test.context.transaction.TransactionalTestExecutionListener, org.springframework.test.context.jdbc.SqlScriptsTestExecutionListener]
2018-06-22 10:28:44.241  INFO 13196 --- [    Test worker] .b.t.c.SpringBootTestContextBootstrapper : Using TestExecutionListeners: [org.springframework.test.context.web.ServletTestExecutionListener@3ca063b3, org.springframework.test.context.support.DirtiesContextBeforeModesTestExecutionListener@6ff16e9a, org.springframework.boot.test.mock.mockito.MockitoTestExecutionListener@1c0fcc07, org.springframework.boot.test.autoconfigure.SpringBootDependencyInjectionTestExecutionListener@1bf5b1df, org.springframework.test.context.support.DirtiesContextTestExecutionListener@2477f4e9, org.springframework.test.context.transaction.TransactionalTestExecutionListener@4016cb43, org.springframework.test.context.jdbc.SqlScriptsTestExecutionListener@229b48b2, org.springframework.boot.test.autoconfigure.restdocs.RestDocsTestExecutionListener@14567e77, org.springframework.boot.test.autoconfigure.web.client.MockRestServiceServerResetTestExecutionListener@f1d00a8, org.springframework.boot.test.autoconfigure.web.servlet.MockMvcPrintOnlyOnFailureTestExecutionListener@79279edb, org.springframework.boot.test.autoconfigure.web.servlet.WebDriverTestExecutionListener@1019795, org.springframework.boot.test.mock.mockito.ResetMocksTestExecutionListener@2683e404]
]]></system-out>
  <system-err><![CDATA[]]></system-err>
</testsuite>
