<?xml version="1.0" encoding="UTF-8"?>
<testsuite name="com.ceiba.Parqueadero.ParqueaderoApplicationTests" tests="1" skipped="0" failures="0" errors="0" timestamp="2018-06-22T14:34:46" hostname="JOSE-SANCHEZ" time="0.002">
  <properties/>
  <testcase name="contextLoads" classname="com.ceiba.Parqueadero.ParqueaderoApplicationTests" time="0.002"/>
  <system-out><![CDATA[2018-06-22 09:34:46.546  INFO 9572 --- [    Test worker] .b.t.c.SpringBootTestContextBootstrapper : Neither @ContextConfiguration nor @ContextHierarchy found for test class [com.ceiba.Parqueadero.ParqueaderoApplicationTests], using SpringBootContextLoader
2018-06-22 09:34:46.546  INFO 9572 --- [    Test worker] o.s.t.c.support.AbstractContextLoader    : Could not detect default resource locations for test class [com.ceiba.Parqueadero.ParqueaderoApplicationTests]: no resource found for suffixes {-context.xml, Context.groovy}.
2018-06-22 09:34:46.546  INFO 9572 --- [    Test worker] t.c.s.AnnotationConfigContextLoaderUtils : Could not detect default configuration classes for test class [com.ceiba.Parqueadero.ParqueaderoApplicationTests]: ParqueaderoApplicationTests does not declare any static, non-private, non-final, nested classes annotated with @Configuration.
2018-06-22 09:34:46.550  INFO 9572 --- [    Test worker] .b.t.c.SpringBootTestContextBootstrapper : Found @SpringBootConfiguration com.ceiba.Parqueadero.ParqueaderoApplication for test class com.ceiba.Parqueadero.ParqueaderoApplicationTests
2018-06-22 09:34:46.552  INFO 9572 --- [    Test worker] .b.t.c.SpringBootTestContextBootstrapper : Loaded default TestExecutionListener class names from location [META-INF/spring.factories]: [org.springframework.boot.test.autoconfigure.restdocs.RestDocsTestExecutionListener, org.springframework.boot.test.autoconfigure.web.client.MockRestServiceServerResetTestExecutionListener, org.springframework.boot.test.autoconfigure.web.servlet.MockMvcPrintOnlyOnFailureTestExecutionListener, org.springframework.boot.test.autoconfigure.web.servlet.WebDriverTestExecutionListener, org.springframework.boot.test.mock.mockito.MockitoTestExecutionListener, org.springframework.boot.test.mock.mockito.ResetMocksTestExecutionListener, org.springframework.test.context.web.ServletTestExecutionListener, org.springframework.test.context.support.DirtiesContextBeforeModesTestExecutionListener, org.springframework.test.context.support.DependencyInjectionTestExecutionListener, org.springframework.test.context.support.DirtiesContextTestExecutionListener, org.springframework.test.context.transaction.TransactionalTestExecutionListener, org.springframework.test.context.jdbc.SqlScriptsTestExecutionListener]
2018-06-22 09:34:46.552  INFO 9572 --- [    Test worker] .b.t.c.SpringBootTestContextBootstrapper : Using TestExecutionListeners: [org.springframework.test.context.web.ServletTestExecutionListener@68801613, org.springframework.test.context.support.DirtiesContextBeforeModesTestExecutionListener@68956b5e, org.springframework.boot.test.mock.mockito.MockitoTestExecutionListener@5743ba78, org.springframework.boot.test.autoconfigure.SpringBootDependencyInjectionTestExecutionListener@6abe77c9, org.springframework.test.context.support.DirtiesContextTestExecutionListener@2e6c403, org.springframework.test.context.transaction.TransactionalTestExecutionListener@41ea909a, org.springframework.test.context.jdbc.SqlScriptsTestExecutionListener@b3062a5, org.springframework.boot.test.autoconfigure.restdocs.RestDocsTestExecutionListener@12a94c35, org.springframework.boot.test.autoconfigure.web.client.MockRestServiceServerResetTestExecutionListener@265b54bf, org.springframework.boot.test.autoconfigure.web.servlet.MockMvcPrintOnlyOnFailureTestExecutionListener@33a07eae, org.springframework.boot.test.autoconfigure.web.servlet.WebDriverTestExecutionListener@3b8d0735, org.springframework.boot.test.mock.mockito.ResetMocksTestExecutionListener@631d3c95]
]]></system-out>
  <system-err><![CDATA[]]></system-err>
</testsuite>
