<?xml version="1.0" encoding="UTF-8"?>
<testsuite name="com.ceiba.Parqueadero.classes.VigilanteTest" tests="8" skipped="0" failures="0" errors="0" timestamp="2018-06-21T22:27:00" hostname="JOSE-SANCHEZ" time="0.037">
  <properties/>
  <testcase name="fechaNoIngresoACarro" classname="com.ceiba.Parqueadero.classes.VigilanteTest" time="0.004"/>
  <testcase name="registroVigilanteMoto" classname="com.ceiba.Parqueadero.classes.VigilanteTest" time="0.003"/>
  <testcase name="fechaNoIngresoAMoto" classname="com.ceiba.Parqueadero.classes.VigilanteTest" time="0.003"/>
  <testcase name="fechaIngresoAMoto" classname="com.ceiba.Parqueadero.classes.VigilanteTest" time="0.003"/>
  <testcase name="fechaIngresoA2Moto" classname="com.ceiba.Parqueadero.classes.VigilanteTest" time="0.004"/>
  <testcase name="fechaIngresoACarro" classname="com.ceiba.Parqueadero.classes.VigilanteTest" time="0.004"/>
  <testcase name="registroVigilanteCarro" classname="com.ceiba.Parqueadero.classes.VigilanteTest" time="0.003"/>
  <testcase name="fechaIngresoA2Carro" classname="com.ceiba.Parqueadero.classes.VigilanteTest" time="0.003"/>
  <system-out><![CDATA[2018-06-21 17:27:00.503  INFO 6788 --- [    Test worker] .b.t.c.SpringBootTestContextBootstrapper : Neither @ContextConfiguration nor @ContextHierarchy found for test class [com.ceiba.Parqueadero.classes.VigilanteTest], using SpringBootContextLoader
2018-06-21 17:27:00.504  INFO 6788 --- [    Test worker] o.s.t.c.support.AbstractContextLoader    : Could not detect default resource locations for test class [com.ceiba.Parqueadero.classes.VigilanteTest]: no resource found for suffixes {-context.xml, Context.groovy}.
2018-06-21 17:27:00.504  INFO 6788 --- [    Test worker] t.c.s.AnnotationConfigContextLoaderUtils : Could not detect default configuration classes for test class [com.ceiba.Parqueadero.classes.VigilanteTest]: VigilanteTest does not declare any static, non-private, non-final, nested classes annotated with @Configuration.
2018-06-21 17:27:00.508  INFO 6788 --- [    Test worker] .b.t.c.SpringBootTestContextBootstrapper : Found @SpringBootConfiguration com.ceiba.Parqueadero.ParqueaderoApplication for test class com.ceiba.Parqueadero.classes.VigilanteTest
2018-06-21 17:27:00.510  INFO 6788 --- [    Test worker] .b.t.c.SpringBootTestContextBootstrapper : Loaded default TestExecutionListener class names from location [META-INF/spring.factories]: [org.springframework.boot.test.autoconfigure.restdocs.RestDocsTestExecutionListener, org.springframework.boot.test.autoconfigure.web.client.MockRestServiceServerResetTestExecutionListener, org.springframework.boot.test.autoconfigure.web.servlet.MockMvcPrintOnlyOnFailureTestExecutionListener, org.springframework.boot.test.autoconfigure.web.servlet.WebDriverTestExecutionListener, org.springframework.boot.test.mock.mockito.MockitoTestExecutionListener, org.springframework.boot.test.mock.mockito.ResetMocksTestExecutionListener, org.springframework.test.context.web.ServletTestExecutionListener, org.springframework.test.context.support.DirtiesContextBeforeModesTestExecutionListener, org.springframework.test.context.support.DependencyInjectionTestExecutionListener, org.springframework.test.context.support.DirtiesContextTestExecutionListener, org.springframework.test.context.transaction.TransactionalTestExecutionListener, org.springframework.test.context.jdbc.SqlScriptsTestExecutionListener]
2018-06-21 17:27:00.511  INFO 6788 --- [    Test worker] .b.t.c.SpringBootTestContextBootstrapper : Using TestExecutionListeners: [org.springframework.test.context.web.ServletTestExecutionListener@4c204257, org.springframework.test.context.support.DirtiesContextBeforeModesTestExecutionListener@2ea2d0c1, org.springframework.boot.test.mock.mockito.MockitoTestExecutionListener@1c495896, org.springframework.boot.test.autoconfigure.SpringBootDependencyInjectionTestExecutionListener@4b9c99c9, org.springframework.test.context.support.DirtiesContextTestExecutionListener@5e04817, org.springframework.test.context.transaction.TransactionalTestExecutionListener@3dfca4b2, org.springframework.test.context.jdbc.SqlScriptsTestExecutionListener@6b27d673, org.springframework.boot.test.autoconfigure.restdocs.RestDocsTestExecutionListener@445a480f, org.springframework.boot.test.autoconfigure.web.client.MockRestServiceServerResetTestExecutionListener@437d0063, org.springframework.boot.test.autoconfigure.web.servlet.MockMvcPrintOnlyOnFailureTestExecutionListener@1bfce58a, org.springframework.boot.test.autoconfigure.web.servlet.WebDriverTestExecutionListener@4ebd3cc8, org.springframework.boot.test.mock.mockito.ResetMocksTestExecutionListener@58b10f20]
]]></system-out>
  <system-err><![CDATA[]]></system-err>
</testsuite>
