<?xml version="1.0" encoding="UTF-8"?>
<testsuite name="com.ceiba.Parqueadero.classes.VigilanteTest" tests="8" skipped="0" failures="0" errors="0" timestamp="2018-06-22T15:28:43" hostname="JOSE-SANCHEZ" time="0.036">
  <properties/>
  <testcase name="fechaNoIngresoACarro" classname="com.ceiba.Parqueadero.classes.VigilanteTest" time="0.004"/>
  <testcase name="registroVigilanteMoto" classname="com.ceiba.Parqueadero.classes.VigilanteTest" time="0.004"/>
  <testcase name="fechaNoIngresoAMoto" classname="com.ceiba.Parqueadero.classes.VigilanteTest" time="0.004"/>
  <testcase name="fechaIngresoAMoto" classname="com.ceiba.Parqueadero.classes.VigilanteTest" time="0.003"/>
  <testcase name="fechaIngresoA2Moto" classname="com.ceiba.Parqueadero.classes.VigilanteTest" time="0.004"/>
  <testcase name="fechaIngresoACarro" classname="com.ceiba.Parqueadero.classes.VigilanteTest" time="0.003"/>
  <testcase name="registroVigilanteCarro" classname="com.ceiba.Parqueadero.classes.VigilanteTest" time="0.002"/>
  <testcase name="fechaIngresoA2Carro" classname="com.ceiba.Parqueadero.classes.VigilanteTest" time="0.002"/>
  <system-out><![CDATA[2018-06-22 10:28:43.903  INFO 13196 --- [    Test worker] .b.t.c.SpringBootTestContextBootstrapper : Neither @ContextConfiguration nor @ContextHierarchy found for test class [com.ceiba.Parqueadero.classes.VigilanteTest], using SpringBootContextLoader
2018-06-22 10:28:43.904  INFO 13196 --- [    Test worker] o.s.t.c.support.AbstractContextLoader    : Could not detect default resource locations for test class [com.ceiba.Parqueadero.classes.VigilanteTest]: no resource found for suffixes {-context.xml, Context.groovy}.
2018-06-22 10:28:43.904  INFO 13196 --- [    Test worker] t.c.s.AnnotationConfigContextLoaderUtils : Could not detect default configuration classes for test class [com.ceiba.Parqueadero.classes.VigilanteTest]: VigilanteTest does not declare any static, non-private, non-final, nested classes annotated with @Configuration.
2018-06-22 10:28:43.907  INFO 13196 --- [    Test worker] .b.t.c.SpringBootTestContextBootstrapper : Found @SpringBootConfiguration com.ceiba.Parqueadero.ParqueaderoApplication for test class com.ceiba.Parqueadero.classes.VigilanteTest
2018-06-22 10:28:43.910  INFO 13196 --- [    Test worker] .b.t.c.SpringBootTestContextBootstrapper : Loaded default TestExecutionListener class names from location [META-INF/spring.factories]: [org.springframework.boot.test.autoconfigure.restdocs.RestDocsTestExecutionListener, org.springframework.boot.test.autoconfigure.web.client.MockRestServiceServerResetTestExecutionListener, org.springframework.boot.test.autoconfigure.web.servlet.MockMvcPrintOnlyOnFailureTestExecutionListener, org.springframework.boot.test.autoconfigure.web.servlet.WebDriverTestExecutionListener, org.springframework.boot.test.mock.mockito.MockitoTestExecutionListener, org.springframework.boot.test.mock.mockito.ResetMocksTestExecutionListener, org.springframework.test.context.web.ServletTestExecutionListener, org.springframework.test.context.support.DirtiesContextBeforeModesTestExecutionListener, org.springframework.test.context.support.DependencyInjectionTestExecutionListener, org.springframework.test.context.support.DirtiesContextTestExecutionListener, org.springframework.test.context.transaction.TransactionalTestExecutionListener, org.springframework.test.context.jdbc.SqlScriptsTestExecutionListener]
2018-06-22 10:28:43.910  INFO 13196 --- [    Test worker] .b.t.c.SpringBootTestContextBootstrapper : Using TestExecutionListeners: [org.springframework.test.context.web.ServletTestExecutionListener@ae68f19, org.springframework.test.context.support.DirtiesContextBeforeModesTestExecutionListener@7680e7ab, org.springframework.boot.test.mock.mockito.MockitoTestExecutionListener@651e21c5, org.springframework.boot.test.autoconfigure.SpringBootDependencyInjectionTestExecutionListener@6a66512f, org.springframework.test.context.support.DirtiesContextTestExecutionListener@5446953d, org.springframework.test.context.transaction.TransactionalTestExecutionListener@250a9da1, org.springframework.test.context.jdbc.SqlScriptsTestExecutionListener@310e90cc, org.springframework.boot.test.autoconfigure.restdocs.RestDocsTestExecutionListener@693940eb, org.springframework.boot.test.autoconfigure.web.client.MockRestServiceServerResetTestExecutionListener@9b6df8c, org.springframework.boot.test.autoconfigure.web.servlet.MockMvcPrintOnlyOnFailureTestExecutionListener@78a0ac8e, org.springframework.boot.test.autoconfigure.web.servlet.WebDriverTestExecutionListener@3dedcba6, org.springframework.boot.test.mock.mockito.ResetMocksTestExecutionListener@1e70eae8]
]]></system-out>
  <system-err><![CDATA[]]></system-err>
</testsuite>
