<?xml version="1.0" encoding="UTF-8"?>
<testsuite name="com.ceiba.Parqueadero.classes.SalidaTest" tests="7" skipped="0" failures="0" errors="0" timestamp="2018-07-03T16:10:30" hostname="JOSE-SANCHEZ" time="0.01">
  <properties/>
  <testcase name="generarSalidaNotCarroTest" classname="com.ceiba.Parqueadero.classes.SalidaTest" time="0.002"/>
  <testcase name="tipoVehiculoTest" classname="com.ceiba.Parqueadero.classes.SalidaTest" time="0.001"/>
  <testcase name="generarSalidaNotCarroTest2" classname="com.ceiba.Parqueadero.classes.SalidaTest" time="0.001"/>
  <testcase name="generarSalidaCarroTest" classname="com.ceiba.Parqueadero.classes.SalidaTest" time="0.002"/>
  <testcase name="generarSalidaNotUpdateCarroTest2" classname="com.ceiba.Parqueadero.classes.SalidaTest" time="0.001"/>
  <testcase name="generarSalidaMotoTest" classname="com.ceiba.Parqueadero.classes.SalidaTest" time="0.002"/>
  <testcase name="getCilindrajeTest" classname="com.ceiba.Parqueadero.classes.SalidaTest" time="0.001"/>
  <system-out><![CDATA[-1
carro
Total de carros: 5
moto
Total de motos: 5
]]></system-out>
  <system-err><![CDATA[]]></system-err>
</testsuite>
