<?xml version="1.0" encoding="UTF-8"?>
<testsuite name="com.ceiba.Parqueadero.classes.VigilanteTest" tests="1" skipped="0" failures="0" errors="0" timestamp="2018-06-21T13:52:16" hostname="JOSE-SANCHEZ" time="0.739">
  <properties/>
  <testcase name="registroVigilante" classname="com.ceiba.Parqueadero.classes.VigilanteTest" time="0.739"/>
  <system-out><![CDATA[125
null
null
]]></system-out>
  <system-err><![CDATA[]]></system-err>
</testsuite>
