<?xml version="1.0" encoding="UTF-8"?>
<testsuite name="com.ceiba.Parqueadero.crud.VehiculoCRUDTest" tests="13" skipped="0" failures="0" errors="0" timestamp="2018-06-22T15:28:44" hostname="JOSE-SANCHEZ" time="0.075">
  <properties/>
  <testcase name="validateVehiculoError" classname="com.ceiba.Parqueadero.crud.VehiculoCRUDTest" time="0.009"/>
  <testcase name="findVehiculo" classname="com.ceiba.Parqueadero.crud.VehiculoCRUDTest" time="0.002"/>
  <testcase name="validateNotVehiculo" classname="com.ceiba.Parqueadero.crud.VehiculoCRUDTest" time="0.004"/>
  <testcase name="testSave" classname="com.ceiba.Parqueadero.crud.VehiculoCRUDTest" time="0.005"/>
  <testcase name="findNotIntoParkingTest" classname="com.ceiba.Parqueadero.crud.VehiculoCRUDTest" time="0.004"/>
  <testcase name="NotFindVehiculo" classname="com.ceiba.Parqueadero.crud.VehiculoCRUDTest" time="0.004"/>
  <testcase name="updateVehiculoTestErrorNull" classname="com.ceiba.Parqueadero.crud.VehiculoCRUDTest" time="0.006"/>
  <testcase name="updateVehiculoTest" classname="com.ceiba.Parqueadero.crud.VehiculoCRUDTest" time="0.004"/>
  <testcase name="validateVehiculo" classname="com.ceiba.Parqueadero.crud.VehiculoCRUDTest" time="0.004"/>
  <testcase name="updateVehiculoTestErrorGetOne" classname="com.ceiba.Parqueadero.crud.VehiculoCRUDTest" time="0.003"/>
  <testcase name="testNotSave" classname="com.ceiba.Parqueadero.crud.VehiculoCRUDTest" time="0.004"/>
  <testcase name="findIntoParkingTest" classname="com.ceiba.Parqueadero.crud.VehiculoCRUDTest" time="0.003"/>
  <testcase name="findIntoParkingTestError" classname="com.ceiba.Parqueadero.crud.VehiculoCRUDTest" time="0.003"/>
  <system-out><![CDATA[2018-06-22 10:28:44.007  INFO 13196 --- [    Test worker] .b.t.c.SpringBootTestContextBootstrapper : Neither @ContextConfiguration nor @ContextHierarchy found for test class [com.ceiba.Parqueadero.crud.VehiculoCRUDTest], using SpringBootContextLoader
2018-06-22 10:28:44.008  INFO 13196 --- [    Test worker] o.s.t.c.support.AbstractContextLoader    : Could not detect default resource locations for test class [com.ceiba.Parqueadero.crud.VehiculoCRUDTest]: no resource found for suffixes {-context.xml, Context.groovy}.
2018-06-22 10:28:44.009  INFO 13196 --- [    Test worker] t.c.s.AnnotationConfigContextLoaderUtils : Could not detect default configuration classes for test class [com.ceiba.Parqueadero.crud.VehiculoCRUDTest]: VehiculoCRUDTest does not declare any static, non-private, non-final, nested classes annotated with @Configuration.
2018-06-22 10:28:44.018  INFO 13196 --- [    Test worker] .b.t.c.SpringBootTestContextBootstrapper : Found @SpringBootConfiguration com.ceiba.Parqueadero.ParqueaderoApplication for test class com.ceiba.Parqueadero.crud.VehiculoCRUDTest
2018-06-22 10:28:44.020  INFO 13196 --- [    Test worker] .b.t.c.SpringBootTestContextBootstrapper : Loaded default TestExecutionListener class names from location [META-INF/spring.factories]: [org.springframework.boot.test.autoconfigure.restdocs.RestDocsTestExecutionListener, org.springframework.boot.test.autoconfigure.web.client.MockRestServiceServerResetTestExecutionListener, org.springframework.boot.test.autoconfigure.web.servlet.MockMvcPrintOnlyOnFailureTestExecutionListener, org.springframework.boot.test.autoconfigure.web.servlet.WebDriverTestExecutionListener, org.springframework.boot.test.mock.mockito.MockitoTestExecutionListener, org.springframework.boot.test.mock.mockito.ResetMocksTestExecutionListener, org.springframework.test.context.web.ServletTestExecutionListener, org.springframework.test.context.support.DirtiesContextBeforeModesTestExecutionListener, org.springframework.test.context.support.DependencyInjectionTestExecutionListener, org.springframework.test.context.support.DirtiesContextTestExecutionListener, org.springframework.test.context.transaction.TransactionalTestExecutionListener, org.springframework.test.context.jdbc.SqlScriptsTestExecutionListener]
2018-06-22 10:28:44.021  INFO 13196 --- [    Test worker] .b.t.c.SpringBootTestContextBootstrapper : Using TestExecutionListeners: [org.springframework.test.context.web.ServletTestExecutionListener@4f0e4ab3, org.springframework.test.context.support.DirtiesContextBeforeModesTestExecutionListener@7cce41a9, org.springframework.boot.test.mock.mockito.MockitoTestExecutionListener@7dade2a3, org.springframework.boot.test.autoconfigure.SpringBootDependencyInjectionTestExecutionListener@21320aba, org.springframework.test.context.support.DirtiesContextTestExecutionListener@1cd487fd, org.springframework.test.context.transaction.TransactionalTestExecutionListener@12995ec7, org.springframework.test.context.jdbc.SqlScriptsTestExecutionListener@331ecd, org.springframework.boot.test.autoconfigure.restdocs.RestDocsTestExecutionListener@31e5a3ab, org.springframework.boot.test.autoconfigure.web.client.MockRestServiceServerResetTestExecutionListener@9363105, org.springframework.boot.test.autoconfigure.web.servlet.MockMvcPrintOnlyOnFailureTestExecutionListener@51812982, org.springframework.boot.test.autoconfigure.web.servlet.WebDriverTestExecutionListener@49dc9009, org.springframework.boot.test.mock.mockito.ResetMocksTestExecutionListener@55b88a62]
null
]]></system-out>
  <system-err><![CDATA[java.lang.NullPointerException
]]></system-err>
</testsuite>
