<?xml version="1.0" encoding="UTF-8"?>
<testsuite name="com.ceiba.Parqueadero.classes.TiempoTest" tests="1" skipped="0" failures="0" errors="0" timestamp="2018-06-21T13:52:16" hostname="JOSE-SANCHEZ" time="0.019">
  <properties/>
  <testcase name="testTiempo" classname="com.ceiba.Parqueadero.classes.TiempoTest" time="0.019"/>
  <system-out><![CDATA[]]></system-out>
  <system-err><![CDATA[]]></system-err>
</testsuite>
