<?xml version="1.0" encoding="UTF-8"?>
<testsuite name="com.ceiba.Parqueadero.classes.VigilanteTest" tests="8" skipped="0" failures="0" errors="0" timestamp="2018-06-22T14:34:46" hostname="JOSE-SANCHEZ" time="0.031">
  <properties/>
  <testcase name="fechaNoIngresoACarro" classname="com.ceiba.Parqueadero.classes.VigilanteTest" time="0.003"/>
  <testcase name="registroVigilanteMoto" classname="com.ceiba.Parqueadero.classes.VigilanteTest" time="0.002"/>
  <testcase name="fechaNoIngresoAMoto" classname="com.ceiba.Parqueadero.classes.VigilanteTest" time="0.003"/>
  <testcase name="fechaIngresoAMoto" classname="com.ceiba.Parqueadero.classes.VigilanteTest" time="0.003"/>
  <testcase name="fechaIngresoA2Moto" classname="com.ceiba.Parqueadero.classes.VigilanteTest" time="0.003"/>
  <testcase name="fechaIngresoACarro" classname="com.ceiba.Parqueadero.classes.VigilanteTest" time="0.003"/>
  <testcase name="registroVigilanteCarro" classname="com.ceiba.Parqueadero.classes.VigilanteTest" time="0.003"/>
  <testcase name="fechaIngresoA2Carro" classname="com.ceiba.Parqueadero.classes.VigilanteTest" time="0.003"/>
  <system-out><![CDATA[2018-06-22 09:34:46.277  INFO 9572 --- [    Test worker] .b.t.c.SpringBootTestContextBootstrapper : Neither @ContextConfiguration nor @ContextHierarchy found for test class [com.ceiba.Parqueadero.classes.VigilanteTest], using SpringBootContextLoader
2018-06-22 09:34:46.278  INFO 9572 --- [    Test worker] o.s.t.c.support.AbstractContextLoader    : Could not detect default resource locations for test class [com.ceiba.Parqueadero.classes.VigilanteTest]: no resource found for suffixes {-context.xml, Context.groovy}.
2018-06-22 09:34:46.279  INFO 9572 --- [    Test worker] t.c.s.AnnotationConfigContextLoaderUtils : Could not detect default configuration classes for test class [com.ceiba.Parqueadero.classes.VigilanteTest]: VigilanteTest does not declare any static, non-private, non-final, nested classes annotated with @Configuration.
2018-06-22 09:34:46.283  INFO 9572 --- [    Test worker] .b.t.c.SpringBootTestContextBootstrapper : Found @SpringBootConfiguration com.ceiba.Parqueadero.ParqueaderoApplication for test class com.ceiba.Parqueadero.classes.VigilanteTest
2018-06-22 09:34:46.286  INFO 9572 --- [    Test worker] .b.t.c.SpringBootTestContextBootstrapper : Loaded default TestExecutionListener class names from location [META-INF/spring.factories]: [org.springframework.boot.test.autoconfigure.restdocs.RestDocsTestExecutionListener, org.springframework.boot.test.autoconfigure.web.client.MockRestServiceServerResetTestExecutionListener, org.springframework.boot.test.autoconfigure.web.servlet.MockMvcPrintOnlyOnFailureTestExecutionListener, org.springframework.boot.test.autoconfigure.web.servlet.WebDriverTestExecutionListener, org.springframework.boot.test.mock.mockito.MockitoTestExecutionListener, org.springframework.boot.test.mock.mockito.ResetMocksTestExecutionListener, org.springframework.test.context.web.ServletTestExecutionListener, org.springframework.test.context.support.DirtiesContextBeforeModesTestExecutionListener, org.springframework.test.context.support.DependencyInjectionTestExecutionListener, org.springframework.test.context.support.DirtiesContextTestExecutionListener, org.springframework.test.context.transaction.TransactionalTestExecutionListener, org.springframework.test.context.jdbc.SqlScriptsTestExecutionListener]
2018-06-22 09:34:46.286  INFO 9572 --- [    Test worker] .b.t.c.SpringBootTestContextBootstrapper : Using TestExecutionListeners: [org.springframework.test.context.web.ServletTestExecutionListener@726a83e9, org.springframework.test.context.support.DirtiesContextBeforeModesTestExecutionListener@412e7eae, org.springframework.boot.test.mock.mockito.MockitoTestExecutionListener@36876c96, org.springframework.boot.test.autoconfigure.SpringBootDependencyInjectionTestExecutionListener@7607b762, org.springframework.test.context.support.DirtiesContextTestExecutionListener@50540780, org.springframework.test.context.transaction.TransactionalTestExecutionListener@62bdd82a, org.springframework.test.context.jdbc.SqlScriptsTestExecutionListener@6f53eb37, org.springframework.boot.test.autoconfigure.restdocs.RestDocsTestExecutionListener@24a4fd18, org.springframework.boot.test.autoconfigure.web.client.MockRestServiceServerResetTestExecutionListener@543c960b, org.springframework.boot.test.autoconfigure.web.servlet.MockMvcPrintOnlyOnFailureTestExecutionListener@58cc782e, org.springframework.boot.test.autoconfigure.web.servlet.WebDriverTestExecutionListener@28362a53, org.springframework.boot.test.mock.mockito.ResetMocksTestExecutionListener@2b794e70]
]]></system-out>
  <system-err><![CDATA[]]></system-err>
</testsuite>
