<?xml version="1.0" encoding="UTF-8"?>
<testsuite name="com.ceiba.Parqueadero.ParqueaderoApplicationTests" tests="1" skipped="0" failures="0" errors="0" timestamp="2018-06-21T22:27:00" hostname="JOSE-SANCHEZ" time="0.002">
  <properties/>
  <testcase name="contextLoads" classname="com.ceiba.Parqueadero.ParqueaderoApplicationTests" time="0.002"/>
  <system-out><![CDATA[2018-06-21 17:27:00.611  INFO 6788 --- [    Test worker] .b.t.c.SpringBootTestContextBootstrapper : Neither @ContextConfiguration nor @ContextHierarchy found for test class [com.ceiba.Parqueadero.ParqueaderoApplicationTests], using SpringBootContextLoader
2018-06-21 17:27:00.613  INFO 6788 --- [    Test worker] o.s.t.c.support.AbstractContextLoader    : Could not detect default resource locations for test class [com.ceiba.Parqueadero.ParqueaderoApplicationTests]: no resource found for suffixes {-context.xml, Context.groovy}.
2018-06-21 17:27:00.613  INFO 6788 --- [    Test worker] t.c.s.AnnotationConfigContextLoaderUtils : Could not detect default configuration classes for test class [com.ceiba.Parqueadero.ParqueaderoApplicationTests]: ParqueaderoApplicationTests does not declare any static, non-private, non-final, nested classes annotated with @Configuration.
2018-06-21 17:27:00.620  INFO 6788 --- [    Test worker] .b.t.c.SpringBootTestContextBootstrapper : Found @SpringBootConfiguration com.ceiba.Parqueadero.ParqueaderoApplication for test class com.ceiba.Parqueadero.ParqueaderoApplicationTests
2018-06-21 17:27:00.622  INFO 6788 --- [    Test worker] .b.t.c.SpringBootTestContextBootstrapper : Loaded default TestExecutionListener class names from location [META-INF/spring.factories]: [org.springframework.boot.test.autoconfigure.restdocs.RestDocsTestExecutionListener, org.springframework.boot.test.autoconfigure.web.client.MockRestServiceServerResetTestExecutionListener, org.springframework.boot.test.autoconfigure.web.servlet.MockMvcPrintOnlyOnFailureTestExecutionListener, org.springframework.boot.test.autoconfigure.web.servlet.WebDriverTestExecutionListener, org.springframework.boot.test.mock.mockito.MockitoTestExecutionListener, org.springframework.boot.test.mock.mockito.ResetMocksTestExecutionListener, org.springframework.test.context.web.ServletTestExecutionListener, org.springframework.test.context.support.DirtiesContextBeforeModesTestExecutionListener, org.springframework.test.context.support.DependencyInjectionTestExecutionListener, org.springframework.test.context.support.DirtiesContextTestExecutionListener, org.springframework.test.context.transaction.TransactionalTestExecutionListener, org.springframework.test.context.jdbc.SqlScriptsTestExecutionListener]
2018-06-21 17:27:00.622  INFO 6788 --- [    Test worker] .b.t.c.SpringBootTestContextBootstrapper : Using TestExecutionListeners: [org.springframework.test.context.web.ServletTestExecutionListener@44987491, org.springframework.test.context.support.DirtiesContextBeforeModesTestExecutionListener@377a8de7, org.springframework.boot.test.mock.mockito.MockitoTestExecutionListener@877691, org.springframework.boot.test.autoconfigure.SpringBootDependencyInjectionTestExecutionListener@6b30e1e, org.springframework.test.context.support.DirtiesContextTestExecutionListener@188cea5, org.springframework.test.context.transaction.TransactionalTestExecutionListener@627e6ec6, org.springframework.test.context.jdbc.SqlScriptsTestExecutionListener@59f6bfe6, org.springframework.boot.test.autoconfigure.restdocs.RestDocsTestExecutionListener@47ab8938, org.springframework.boot.test.autoconfigure.web.client.MockRestServiceServerResetTestExecutionListener@118a8e, org.springframework.boot.test.autoconfigure.web.servlet.MockMvcPrintOnlyOnFailureTestExecutionListener@1108cc14, org.springframework.boot.test.autoconfigure.web.servlet.WebDriverTestExecutionListener@7ded585c, org.springframework.boot.test.mock.mockito.ResetMocksTestExecutionListener@6694fc90]
]]></system-out>
  <system-err><![CDATA[]]></system-err>
</testsuite>
