<?xml version="1.0" encoding="UTF-8"?>
<testsuite name="com.ceiba.Parqueadero.functional.FunctionalTest" tests="2" skipped="0" failures="0" errors="0" timestamp="2018-07-03T21:58:37" hostname="JOSE-SANCHEZ" time="5.259">
  <properties/>
  <testcase name="ComprobarRegistroDeVehiculo" classname="com.ceiba.Parqueadero.functional.FunctionalTest" time="3.489"/>
  <testcase name="consultar" classname="com.ceiba.Parqueadero.functional.FunctionalTest" time="1.77"/>
  <system-out><![CDATA[Total a pagar: $1000
]]></system-out>
  <system-err><![CDATA[Starting ChromeDriver 2.40.565498 (ea082db3280dd6843ebfb08a625e3eb905c4f5ab) on port 40872
Only local connections are allowed.
Jul 03, 2018 4:58:37 PM org.openqa.selenium.remote.ProtocolHandshake createSession
INFO: Detected dialect: OSS
]]></system-err>
</testsuite>
