<?xml version="1.0" encoding="UTF-8"?>
<testsuite name="com.ceiba.Parqueadero.ParqueaderoApplicationTests" tests="1" skipped="0" failures="0" errors="0" timestamp="2018-06-22T20:09:14" hostname="JOSE-SANCHEZ" time="0.002">
  <properties/>
  <testcase name="contextLoads" classname="com.ceiba.Parqueadero.ParqueaderoApplicationTests" time="0.002"/>
  <system-out><![CDATA[2018-06-22 15:09:14.354  INFO 15096 --- [    Test worker] .b.t.c.SpringBootTestContextBootstrapper : Neither @ContextConfiguration nor @ContextHierarchy found for test class [com.ceiba.Parqueadero.ParqueaderoApplicationTests], using SpringBootContextLoader
2018-06-22 15:09:14.355  INFO 15096 --- [    Test worker] o.s.t.c.support.AbstractContextLoader    : Could not detect default resource locations for test class [com.ceiba.Parqueadero.ParqueaderoApplicationTests]: no resource found for suffixes {-context.xml, Context.groovy}.
2018-06-22 15:09:14.355  INFO 15096 --- [    Test worker] t.c.s.AnnotationConfigContextLoaderUtils : Could not detect default configuration classes for test class [com.ceiba.Parqueadero.ParqueaderoApplicationTests]: ParqueaderoApplicationTests does not declare any static, non-private, non-final, nested classes annotated with @Configuration.
2018-06-22 15:09:14.358  INFO 15096 --- [    Test worker] .b.t.c.SpringBootTestContextBootstrapper : Found @SpringBootConfiguration com.ceiba.Parqueadero.ParqueaderoApplication for test class com.ceiba.Parqueadero.ParqueaderoApplicationTests
2018-06-22 15:09:14.360  INFO 15096 --- [    Test worker] .b.t.c.SpringBootTestContextBootstrapper : Loaded default TestExecutionListener class names from location [META-INF/spring.factories]: [org.springframework.boot.test.autoconfigure.restdocs.RestDocsTestExecutionListener, org.springframework.boot.test.autoconfigure.web.client.MockRestServiceServerResetTestExecutionListener, org.springframework.boot.test.autoconfigure.web.servlet.MockMvcPrintOnlyOnFailureTestExecutionListener, org.springframework.boot.test.autoconfigure.web.servlet.WebDriverTestExecutionListener, org.springframework.boot.test.mock.mockito.MockitoTestExecutionListener, org.springframework.boot.test.mock.mockito.ResetMocksTestExecutionListener, org.springframework.test.context.web.ServletTestExecutionListener, org.springframework.test.context.support.DirtiesContextBeforeModesTestExecutionListener, org.springframework.test.context.support.DependencyInjectionTestExecutionListener, org.springframework.test.context.support.DirtiesContextTestExecutionListener, org.springframework.test.context.transaction.TransactionalTestExecutionListener, org.springframework.test.context.jdbc.SqlScriptsTestExecutionListener]
2018-06-22 15:09:14.360  INFO 15096 --- [    Test worker] .b.t.c.SpringBootTestContextBootstrapper : Using TestExecutionListeners: [org.springframework.test.context.web.ServletTestExecutionListener@465a1b1c, org.springframework.test.context.support.DirtiesContextBeforeModesTestExecutionListener@3783b0f7, org.springframework.boot.test.mock.mockito.MockitoTestExecutionListener@44bf3312, org.springframework.boot.test.autoconfigure.SpringBootDependencyInjectionTestExecutionListener@7b0f583c, org.springframework.test.context.support.DirtiesContextTestExecutionListener@6d1b2eba, org.springframework.test.context.transaction.TransactionalTestExecutionListener@47353fe6, org.springframework.test.context.jdbc.SqlScriptsTestExecutionListener@7aafa3b1, org.springframework.boot.test.autoconfigure.restdocs.RestDocsTestExecutionListener@7b60da60, org.springframework.boot.test.autoconfigure.web.client.MockRestServiceServerResetTestExecutionListener@4f3a4548, org.springframework.boot.test.autoconfigure.web.servlet.MockMvcPrintOnlyOnFailureTestExecutionListener@219e8946, org.springframework.boot.test.autoconfigure.web.servlet.WebDriverTestExecutionListener@262b14ef, org.springframework.boot.test.mock.mockito.ResetMocksTestExecutionListener@5be57990]
]]></system-out>
  <system-err><![CDATA[]]></system-err>
</testsuite>
