<?xml version="1.0" encoding="UTF-8"?>
<testsuite name="com.ceiba.Parqueadero.ParqueaderoApplicationTests" tests="1" skipped="0" failures="0" errors="0" timestamp="2018-06-21T17:49:10" hostname="JOSE-SANCHEZ" time="0.002">
  <properties/>
  <testcase name="contextLoads" classname="com.ceiba.Parqueadero.ParqueaderoApplicationTests" time="0.002"/>
  <system-out><![CDATA[2018-06-21 12:49:10.425  INFO 3412 --- [    Test worker] .b.t.c.SpringBootTestContextBootstrapper : Neither @ContextConfiguration nor @ContextHierarchy found for test class [com.ceiba.Parqueadero.ParqueaderoApplicationTests], using SpringBootContextLoader
2018-06-21 12:49:10.426  INFO 3412 --- [    Test worker] o.s.t.c.support.AbstractContextLoader    : Could not detect default resource locations for test class [com.ceiba.Parqueadero.ParqueaderoApplicationTests]: no resource found for suffixes {-context.xml, Context.groovy}.
2018-06-21 12:49:10.427  INFO 3412 --- [    Test worker] t.c.s.AnnotationConfigContextLoaderUtils : Could not detect default configuration classes for test class [com.ceiba.Parqueadero.ParqueaderoApplicationTests]: ParqueaderoApplicationTests does not declare any static, non-private, non-final, nested classes annotated with @Configuration.
2018-06-21 12:49:10.437  INFO 3412 --- [    Test worker] .b.t.c.SpringBootTestContextBootstrapper : Found @SpringBootConfiguration com.ceiba.Parqueadero.ParqueaderoApplication for test class com.ceiba.Parqueadero.ParqueaderoApplicationTests
2018-06-21 12:49:10.440  INFO 3412 --- [    Test worker] .b.t.c.SpringBootTestContextBootstrapper : Loaded default TestExecutionListener class names from location [META-INF/spring.factories]: [org.springframework.boot.test.autoconfigure.restdocs.RestDocsTestExecutionListener, org.springframework.boot.test.autoconfigure.web.client.MockRestServiceServerResetTestExecutionListener, org.springframework.boot.test.autoconfigure.web.servlet.MockMvcPrintOnlyOnFailureTestExecutionListener, org.springframework.boot.test.autoconfigure.web.servlet.WebDriverTestExecutionListener, org.springframework.boot.test.mock.mockito.MockitoTestExecutionListener, org.springframework.boot.test.mock.mockito.ResetMocksTestExecutionListener, org.springframework.test.context.web.ServletTestExecutionListener, org.springframework.test.context.support.DirtiesContextBeforeModesTestExecutionListener, org.springframework.test.context.support.DependencyInjectionTestExecutionListener, org.springframework.test.context.support.DirtiesContextTestExecutionListener, org.springframework.test.context.transaction.TransactionalTestExecutionListener, org.springframework.test.context.jdbc.SqlScriptsTestExecutionListener]
2018-06-21 12:49:10.440  INFO 3412 --- [    Test worker] .b.t.c.SpringBootTestContextBootstrapper : Using TestExecutionListeners: [org.springframework.test.context.web.ServletTestExecutionListener@27516662, org.springframework.test.context.support.DirtiesContextBeforeModesTestExecutionListener@5f72206f, org.springframework.boot.test.mock.mockito.MockitoTestExecutionListener@14729cc8, org.springframework.boot.test.autoconfigure.SpringBootDependencyInjectionTestExecutionListener@67450ed1, org.springframework.test.context.support.DirtiesContextTestExecutionListener@4b8b062d, org.springframework.test.context.transaction.TransactionalTestExecutionListener@5b4266b, org.springframework.test.context.jdbc.SqlScriptsTestExecutionListener@5a06ec9, org.springframework.boot.test.autoconfigure.restdocs.RestDocsTestExecutionListener@4a5ccb2a, org.springframework.boot.test.autoconfigure.web.client.MockRestServiceServerResetTestExecutionListener@59f51622, org.springframework.boot.test.autoconfigure.web.servlet.MockMvcPrintOnlyOnFailureTestExecutionListener@7dd6e409, org.springframework.boot.test.autoconfigure.web.servlet.WebDriverTestExecutionListener@7b860b5c, org.springframework.boot.test.mock.mockito.ResetMocksTestExecutionListener@572f9a9d]
]]></system-out>
  <system-err><![CDATA[]]></system-err>
</testsuite>
