<?xml version="1.0" encoding="UTF-8"?>
<testsuite name="com.ceiba.Parqueadero.crud.VehiculoCRUDTest" tests="16" skipped="0" failures="0" errors="0" timestamp="2018-06-25T20:06:17" hostname="JOSE-SANCHEZ" time="0.147">
  <properties/>
  <testcase name="validateVehiculoError" classname="com.ceiba.Parqueadero.crud.VehiculoCRUDTest" time="0.125"/>
  <testcase name="findVehiculo" classname="com.ceiba.Parqueadero.crud.VehiculoCRUDTest" time="0.001"/>
  <testcase name="updateSalidaVehiculoTestErrorEntity" classname="com.ceiba.Parqueadero.crud.VehiculoCRUDTest" time="0.002"/>
  <testcase name="validateNotVehiculo" classname="com.ceiba.Parqueadero.crud.VehiculoCRUDTest" time="0.001"/>
  <testcase name="testSave" classname="com.ceiba.Parqueadero.crud.VehiculoCRUDTest" time="0.002"/>
  <testcase name="findNotIntoParkingTest" classname="com.ceiba.Parqueadero.crud.VehiculoCRUDTest" time="0.001"/>
  <testcase name="NotFindVehiculo" classname="com.ceiba.Parqueadero.crud.VehiculoCRUDTest" time="0.001"/>
  <testcase name="updateSalidaVehiculoTestErrorNull" classname="com.ceiba.Parqueadero.crud.VehiculoCRUDTest" time="0.002"/>
  <testcase name="updateVehiculoTestErrorNull" classname="com.ceiba.Parqueadero.crud.VehiculoCRUDTest" time="0.002"/>
  <testcase name="updateVehiculoTest" classname="com.ceiba.Parqueadero.crud.VehiculoCRUDTest" time="0.001"/>
  <testcase name="validateVehiculo" classname="com.ceiba.Parqueadero.crud.VehiculoCRUDTest" time="0.001"/>
  <testcase name="updateVehiculoTestErrorGetOne" classname="com.ceiba.Parqueadero.crud.VehiculoCRUDTest" time="0.001"/>
  <testcase name="testNotSave" classname="com.ceiba.Parqueadero.crud.VehiculoCRUDTest" time="0.001"/>
  <testcase name="findIntoParkingTest" classname="com.ceiba.Parqueadero.crud.VehiculoCRUDTest" time="0.001"/>
  <testcase name="updateSalidaVehiculoTest" classname="com.ceiba.Parqueadero.crud.VehiculoCRUDTest" time="0.001"/>
  <testcase name="findIntoParkingTestError" classname="com.ceiba.Parqueadero.crud.VehiculoCRUDTest" time="0.003"/>
  <system-out><![CDATA[null
]]></system-out>
  <system-err><![CDATA[java.lang.NullPointerException
]]></system-err>
</testsuite>
