<?xml version="1.0" encoding="UTF-8"?>
<testsuite name="com.ceiba.Parqueadero.classes.ConsultaTest" tests="2" skipped="0" failures="0" errors="0" timestamp="2018-06-25T20:06:17" hostname="JOSE-SANCHEZ" time="0.142">
  <properties/>
  <testcase name="genConsultaTestError" classname="com.ceiba.Parqueadero.classes.ConsultaTest" time="0.137"/>
  <testcase name="genConsultaTest" classname="com.ceiba.Parqueadero.classes.ConsultaTest" time="0.004"/>
  <system-out><![CDATA[]]></system-out>
  <system-err><![CDATA[]]></system-err>
</testsuite>
