<?xml version="1.0" encoding="UTF-8"?>
<testsuite name="com.ceiba.Parqueadero.classes.CobrarTest" tests="3" skipped="0" failures="0" errors="0" timestamp="2018-06-25T20:06:16" hostname="JOSE-SANCHEZ" time="0.882">
  <properties/>
  <testcase name="genCobroTestMoto" classname="com.ceiba.Parqueadero.classes.CobrarTest" time="0.879"/>
  <testcase name="genCobroTestCarro" classname="com.ceiba.Parqueadero.classes.CobrarTest" time="0.002"/>
  <testcase name="genCobroTestMoto2" classname="com.ceiba.Parqueadero.classes.CobrarTest" time="0.001"/>
  <system-out><![CDATA[6000
11000
4000
]]></system-out>
  <system-err><![CDATA[]]></system-err>
</testsuite>
