<?xml version="1.0" encoding="UTF-8"?>
<testsuite name="com.ceiba.Parqueadero.classes.TiempoTest" tests="1" skipped="0" failures="0" errors="0" timestamp="2018-06-22T20:09:14" hostname="JOSE-SANCHEZ" time="0.003">
  <properties/>
  <testcase name="ejemploDayHourMils" classname="com.ceiba.Parqueadero.classes.TiempoTest" time="0.003"/>
  <system-out><![CDATA[2018-06-22 15:09:14.046  INFO 15096 --- [    Test worker] .b.t.c.SpringBootTestContextBootstrapper : Neither @ContextConfiguration nor @ContextHierarchy found for test class [com.ceiba.Parqueadero.classes.TiempoTest], using SpringBootContextLoader
2018-06-22 15:09:14.047  INFO 15096 --- [    Test worker] o.s.t.c.support.AbstractContextLoader    : Could not detect default resource locations for test class [com.ceiba.Parqueadero.classes.TiempoTest]: no resource found for suffixes {-context.xml, Context.groovy}.
2018-06-22 15:09:14.048  INFO 15096 --- [    Test worker] t.c.s.AnnotationConfigContextLoaderUtils : Could not detect default configuration classes for test class [com.ceiba.Parqueadero.classes.TiempoTest]: TiempoTest does not declare any static, non-private, non-final, nested classes annotated with @Configuration.
2018-06-22 15:09:14.051  INFO 15096 --- [    Test worker] .b.t.c.SpringBootTestContextBootstrapper : Found @SpringBootConfiguration com.ceiba.Parqueadero.ParqueaderoApplication for test class com.ceiba.Parqueadero.classes.TiempoTest
2018-06-22 15:09:14.053  INFO 15096 --- [    Test worker] .b.t.c.SpringBootTestContextBootstrapper : Loaded default TestExecutionListener class names from location [META-INF/spring.factories]: [org.springframework.boot.test.autoconfigure.restdocs.RestDocsTestExecutionListener, org.springframework.boot.test.autoconfigure.web.client.MockRestServiceServerResetTestExecutionListener, org.springframework.boot.test.autoconfigure.web.servlet.MockMvcPrintOnlyOnFailureTestExecutionListener, org.springframework.boot.test.autoconfigure.web.servlet.WebDriverTestExecutionListener, org.springframework.boot.test.mock.mockito.MockitoTestExecutionListener, org.springframework.boot.test.mock.mockito.ResetMocksTestExecutionListener, org.springframework.test.context.web.ServletTestExecutionListener, org.springframework.test.context.support.DirtiesContextBeforeModesTestExecutionListener, org.springframework.test.context.support.DependencyInjectionTestExecutionListener, org.springframework.test.context.support.DirtiesContextTestExecutionListener, org.springframework.test.context.transaction.TransactionalTestExecutionListener, org.springframework.test.context.jdbc.SqlScriptsTestExecutionListener]
2018-06-22 15:09:14.054  INFO 15096 --- [    Test worker] .b.t.c.SpringBootTestContextBootstrapper : Using TestExecutionListeners: [org.springframework.test.context.web.ServletTestExecutionListener@4acf39f3, org.springframework.test.context.support.DirtiesContextBeforeModesTestExecutionListener@67788810, org.springframework.boot.test.mock.mockito.MockitoTestExecutionListener@491d2fc3, org.springframework.boot.test.autoconfigure.SpringBootDependencyInjectionTestExecutionListener@6509532, org.springframework.test.context.support.DirtiesContextTestExecutionListener@35e324aa, org.springframework.test.context.transaction.TransactionalTestExecutionListener@1678120e, org.springframework.test.context.jdbc.SqlScriptsTestExecutionListener@363b5435, org.springframework.boot.test.autoconfigure.restdocs.RestDocsTestExecutionListener@34c0bec5, org.springframework.boot.test.autoconfigure.web.client.MockRestServiceServerResetTestExecutionListener@182a1a83, org.springframework.boot.test.autoconfigure.web.servlet.MockMvcPrintOnlyOnFailureTestExecutionListener@4e9483ea, org.springframework.boot.test.autoconfigure.web.servlet.WebDriverTestExecutionListener@2262fcf1, org.springframework.boot.test.mock.mockito.ResetMocksTestExecutionListener@13e548ee]
Dias: 6 horas: 7 mils: 300000
Dias: 6   horas: 7    milis: 300000
]]></system-out>
  <system-err><![CDATA[]]></system-err>
</testsuite>
