<?xml version="1.0" encoding="UTF-8"?>
<testsuite name="com.ceiba.Parqueadero.crud.VehiculoCRUDTest" tests="13" skipped="0" failures="0" errors="0" timestamp="2018-06-22T20:09:14" hostname="JOSE-SANCHEZ" time="0.049">
  <properties/>
  <testcase name="validateVehiculoError" classname="com.ceiba.Parqueadero.crud.VehiculoCRUDTest" time="0.008"/>
  <testcase name="findVehiculo" classname="com.ceiba.Parqueadero.crud.VehiculoCRUDTest" time="0.003"/>
  <testcase name="validateNotVehiculo" classname="com.ceiba.Parqueadero.crud.VehiculoCRUDTest" time="0.004"/>
  <testcase name="testSave" classname="com.ceiba.Parqueadero.crud.VehiculoCRUDTest" time="0.003"/>
  <testcase name="findNotIntoParkingTest" classname="com.ceiba.Parqueadero.crud.VehiculoCRUDTest" time="0.002"/>
  <testcase name="NotFindVehiculo" classname="com.ceiba.Parqueadero.crud.VehiculoCRUDTest" time="0.003"/>
  <testcase name="updateVehiculoTestErrorNull" classname="com.ceiba.Parqueadero.crud.VehiculoCRUDTest" time="0.003"/>
  <testcase name="updateVehiculoTest" classname="com.ceiba.Parqueadero.crud.VehiculoCRUDTest" time="0.002"/>
  <testcase name="validateVehiculo" classname="com.ceiba.Parqueadero.crud.VehiculoCRUDTest" time="0.002"/>
  <testcase name="updateVehiculoTestErrorGetOne" classname="com.ceiba.Parqueadero.crud.VehiculoCRUDTest" time="0.002"/>
  <testcase name="testNotSave" classname="com.ceiba.Parqueadero.crud.VehiculoCRUDTest" time="0.002"/>
  <testcase name="findIntoParkingTest" classname="com.ceiba.Parqueadero.crud.VehiculoCRUDTest" time="0.001"/>
  <testcase name="findIntoParkingTestError" classname="com.ceiba.Parqueadero.crud.VehiculoCRUDTest" time="0.002"/>
  <system-out><![CDATA[2018-06-22 15:09:14.187  INFO 15096 --- [    Test worker] .b.t.c.SpringBootTestContextBootstrapper : Neither @ContextConfiguration nor @ContextHierarchy found for test class [com.ceiba.Parqueadero.crud.VehiculoCRUDTest], using SpringBootContextLoader
2018-06-22 15:09:14.188  INFO 15096 --- [    Test worker] o.s.t.c.support.AbstractContextLoader    : Could not detect default resource locations for test class [com.ceiba.Parqueadero.crud.VehiculoCRUDTest]: no resource found for suffixes {-context.xml, Context.groovy}.
2018-06-22 15:09:14.189  INFO 15096 --- [    Test worker] t.c.s.AnnotationConfigContextLoaderUtils : Could not detect default configuration classes for test class [com.ceiba.Parqueadero.crud.VehiculoCRUDTest]: VehiculoCRUDTest does not declare any static, non-private, non-final, nested classes annotated with @Configuration.
2018-06-22 15:09:14.198  INFO 15096 --- [    Test worker] .b.t.c.SpringBootTestContextBootstrapper : Found @SpringBootConfiguration com.ceiba.Parqueadero.ParqueaderoApplication for test class com.ceiba.Parqueadero.crud.VehiculoCRUDTest
2018-06-22 15:09:14.200  INFO 15096 --- [    Test worker] .b.t.c.SpringBootTestContextBootstrapper : Loaded default TestExecutionListener class names from location [META-INF/spring.factories]: [org.springframework.boot.test.autoconfigure.restdocs.RestDocsTestExecutionListener, org.springframework.boot.test.autoconfigure.web.client.MockRestServiceServerResetTestExecutionListener, org.springframework.boot.test.autoconfigure.web.servlet.MockMvcPrintOnlyOnFailureTestExecutionListener, org.springframework.boot.test.autoconfigure.web.servlet.WebDriverTestExecutionListener, org.springframework.boot.test.mock.mockito.MockitoTestExecutionListener, org.springframework.boot.test.mock.mockito.ResetMocksTestExecutionListener, org.springframework.test.context.web.ServletTestExecutionListener, org.springframework.test.context.support.DirtiesContextBeforeModesTestExecutionListener, org.springframework.test.context.support.DependencyInjectionTestExecutionListener, org.springframework.test.context.support.DirtiesContextTestExecutionListener, org.springframework.test.context.transaction.TransactionalTestExecutionListener, org.springframework.test.context.jdbc.SqlScriptsTestExecutionListener]
2018-06-22 15:09:14.201  INFO 15096 --- [    Test worker] .b.t.c.SpringBootTestContextBootstrapper : Using TestExecutionListeners: [org.springframework.test.context.web.ServletTestExecutionListener@57502533, org.springframework.test.context.support.DirtiesContextBeforeModesTestExecutionListener@78b729c7, org.springframework.boot.test.mock.mockito.MockitoTestExecutionListener@79ccafd1, org.springframework.boot.test.autoconfigure.SpringBootDependencyInjectionTestExecutionListener@35049839, org.springframework.test.context.support.DirtiesContextTestExecutionListener@63ab5a17, org.springframework.test.context.transaction.TransactionalTestExecutionListener@2293aeb4, org.springframework.test.context.jdbc.SqlScriptsTestExecutionListener@3e3d3f10, org.springframework.boot.test.autoconfigure.restdocs.RestDocsTestExecutionListener@2fe9adbe, org.springframework.boot.test.autoconfigure.web.client.MockRestServiceServerResetTestExecutionListener@162b31b6, org.springframework.boot.test.autoconfigure.web.servlet.MockMvcPrintOnlyOnFailureTestExecutionListener@2972cbc9, org.springframework.boot.test.autoconfigure.web.servlet.WebDriverTestExecutionListener@7e60b448, org.springframework.boot.test.mock.mockito.ResetMocksTestExecutionListener@1c867267]
null
]]></system-out>
  <system-err><![CDATA[java.lang.NullPointerException
]]></system-err>
</testsuite>
