<?xml version="1.0" encoding="UTF-8"?>
<testsuite name="com.ceiba.Parqueadero.classes.CobrarTest" tests="4" skipped="0" failures="0" errors="0" timestamp="2018-06-29T12:56:00" hostname="JOSE-SANCHEZ" time="0.931">
  <properties/>
  <testcase name="generarCobroTestCarro" classname="com.ceiba.Parqueadero.classes.CobrarTest" time="0.924"/>
  <testcase name="generarCobroTestMoto2" classname="com.ceiba.Parqueadero.classes.CobrarTest" time="0.003"/>
  <testcase name="generarCobroTestCarro2" classname="com.ceiba.Parqueadero.classes.CobrarTest" time="0.002"/>
  <testcase name="generarCobroTestMoto" classname="com.ceiba.Parqueadero.classes.CobrarTest" time="0.001"/>
  <system-out><![CDATA[]]></system-out>
  <system-err><![CDATA[]]></system-err>
</testsuite>
