<?xml version="1.0" encoding="UTF-8"?>
<testsuite name="com.ceiba.Parqueadero.TRMC.TRMCTest" tests="1" skipped="0" failures="0" errors="0" timestamp="2018-07-04T15:28:56" hostname="JOSE-SANCHEZ" time="0.688">
  <properties/>
  <testcase name="TRMCtest" classname="com.ceiba.Parqueadero.TRMC.TRMCTest" time="0.688"/>
  <system-out><![CDATA[2909.83
]]></system-out>
  <system-err><![CDATA[]]></system-err>
</testsuite>
