<?xml version="1.0" encoding="UTF-8"?>
<testsuite name="com.ceiba.Parqueadero.classes.VigilanteTest" tests="8" skipped="0" failures="0" errors="0" timestamp="2018-06-22T20:09:14" hostname="JOSE-SANCHEZ" time="0.044">
  <properties/>
  <testcase name="fechaNoIngresoACarro" classname="com.ceiba.Parqueadero.classes.VigilanteTest" time="0.004"/>
  <testcase name="registroVigilanteMoto" classname="com.ceiba.Parqueadero.classes.VigilanteTest" time="0.004"/>
  <testcase name="fechaNoIngresoAMoto" classname="com.ceiba.Parqueadero.classes.VigilanteTest" time="0.003"/>
  <testcase name="fechaIngresoAMoto" classname="com.ceiba.Parqueadero.classes.VigilanteTest" time="0.003"/>
  <testcase name="fechaIngresoA2Moto" classname="com.ceiba.Parqueadero.classes.VigilanteTest" time="0.002"/>
  <testcase name="fechaIngresoACarro" classname="com.ceiba.Parqueadero.classes.VigilanteTest" time="0.006"/>
  <testcase name="registroVigilanteCarro" classname="com.ceiba.Parqueadero.classes.VigilanteTest" time="0.004"/>
  <testcase name="fechaIngresoA2Carro" classname="com.ceiba.Parqueadero.classes.VigilanteTest" time="0.004"/>
  <system-out><![CDATA[2018-06-22 15:09:14.066  INFO 15096 --- [    Test worker] .b.t.c.SpringBootTestContextBootstrapper : Neither @ContextConfiguration nor @ContextHierarchy found for test class [com.ceiba.Parqueadero.classes.VigilanteTest], using SpringBootContextLoader
2018-06-22 15:09:14.067  INFO 15096 --- [    Test worker] o.s.t.c.support.AbstractContextLoader    : Could not detect default resource locations for test class [com.ceiba.Parqueadero.classes.VigilanteTest]: no resource found for suffixes {-context.xml, Context.groovy}.
2018-06-22 15:09:14.068  INFO 15096 --- [    Test worker] t.c.s.AnnotationConfigContextLoaderUtils : Could not detect default configuration classes for test class [com.ceiba.Parqueadero.classes.VigilanteTest]: VigilanteTest does not declare any static, non-private, non-final, nested classes annotated with @Configuration.
2018-06-22 15:09:14.070  INFO 15096 --- [    Test worker] .b.t.c.SpringBootTestContextBootstrapper : Found @SpringBootConfiguration com.ceiba.Parqueadero.ParqueaderoApplication for test class com.ceiba.Parqueadero.classes.VigilanteTest
2018-06-22 15:09:14.072  INFO 15096 --- [    Test worker] .b.t.c.SpringBootTestContextBootstrapper : Loaded default TestExecutionListener class names from location [META-INF/spring.factories]: [org.springframework.boot.test.autoconfigure.restdocs.RestDocsTestExecutionListener, org.springframework.boot.test.autoconfigure.web.client.MockRestServiceServerResetTestExecutionListener, org.springframework.boot.test.autoconfigure.web.servlet.MockMvcPrintOnlyOnFailureTestExecutionListener, org.springframework.boot.test.autoconfigure.web.servlet.WebDriverTestExecutionListener, org.springframework.boot.test.mock.mockito.MockitoTestExecutionListener, org.springframework.boot.test.mock.mockito.ResetMocksTestExecutionListener, org.springframework.test.context.web.ServletTestExecutionListener, org.springframework.test.context.support.DirtiesContextBeforeModesTestExecutionListener, org.springframework.test.context.support.DependencyInjectionTestExecutionListener, org.springframework.test.context.support.DirtiesContextTestExecutionListener, org.springframework.test.context.transaction.TransactionalTestExecutionListener, org.springframework.test.context.jdbc.SqlScriptsTestExecutionListener]
2018-06-22 15:09:14.073  INFO 15096 --- [    Test worker] .b.t.c.SpringBootTestContextBootstrapper : Using TestExecutionListeners: [org.springframework.test.context.web.ServletTestExecutionListener@32e2619e, org.springframework.test.context.support.DirtiesContextBeforeModesTestExecutionListener@57d215e7, org.springframework.boot.test.mock.mockito.MockitoTestExecutionListener@6bba8cd7, org.springframework.boot.test.autoconfigure.SpringBootDependencyInjectionTestExecutionListener@4be57e91, org.springframework.test.context.support.DirtiesContextTestExecutionListener@6aaa08e2, org.springframework.test.context.transaction.TransactionalTestExecutionListener@2d90457d, org.springframework.test.context.jdbc.SqlScriptsTestExecutionListener@12f3b82c, org.springframework.boot.test.autoconfigure.restdocs.RestDocsTestExecutionListener@72825d15, org.springframework.boot.test.autoconfigure.web.client.MockRestServiceServerResetTestExecutionListener@48d5a6bf, org.springframework.boot.test.autoconfigure.web.servlet.MockMvcPrintOnlyOnFailureTestExecutionListener@6741a975, org.springframework.boot.test.autoconfigure.web.servlet.WebDriverTestExecutionListener@68fc5f69, org.springframework.boot.test.mock.mockito.ResetMocksTestExecutionListener@8f6cd96]
]]></system-out>
  <system-err><![CDATA[]]></system-err>
</testsuite>
